<?xml version="1.0" encoding="UTF-8"?>
<testsuite xmlns:xsi="http://www.w3.org/2001/XMLSchema-instance" xsi:noNamespaceSchemaLocation="https://maven.apache.org/surefire/maven-surefire-plugin/xsd/surefire-test-report.xsd" version="3.0.2" name="com.certchain.backend.service.CertificateServiceTest" time="1.381" tests="2" errors="0" skipped="0" failures="0">
  <properties>
[...]
</properties>
  <testcase name="allowsIssueForAssignedIssuer" classname="com.certchain.backend.service.CertificateServiceTest" time="1.314"/>
  <testcase name="rejectsUpdateFromAnotherInstitutionAdmin" classname="com.certchain.backend.service.CertificateServiceTest" time="0.041"/>
</testsuite>